<?xml version="1.0" encoding="UTF-8"?>
<!DOCTYPE profile-spec-jar PUBLIC "-//Sun Microsystems, Inc.//DTD JAIN SLEE Profile Specification 1.1//EN" "http://java.sun.com/dtd/slee-profile-spec-jar_1_1.dtd">
<profile-spec-jar>
    <profile-spec>
        <profile-spec-name>Test</profile-spec-name>
        <profile-spec-vendor>Test</profile-spec-vendor>
        <profile-spec-version>Test</profile-spec-version>
        <profile-classes>
            <profile-cmp-interface>
                <profile-cmp-interface-name>profile.TestProfile</profile-cmp-interface-name>
            </profile-cmp-interface>
        </profile-classes>
        <env-entry>
            <env-entry-name>test1</env-entry-name>
            <env-entry-type>java.lang.String</env-entry-type>
            <env-entry-value>test1</env-entry-value>
        </env-entry>
        <env-entry>
            <env-entry-name>testinterface</env-entry-name>
            <env-entry-type>java.lang.String</env-entry-type>
            <env-entry-value>testinterface</env-entry-value>
        </env-entry>
        <env-entry>
            <env-entry-name>testparent</env-entry-name>
            <env-entry-type>java.lang.String</env-entry-type>
            <env-entry-value>testparent</env-entry-value>
        </env-entry>
        <env-entry>
            <env-entry-name>test2ainterface</env-entry-name>
            <env-entry-type>java.lang.String</env-entry-type>
            <env-entry-value>test2ainterface</env-entry-value>
        </env-entry>
        <env-entry>
            <env-entry-name>test2binterface</env-entry-name>
            <env-entry-type>java.lang.String</env-entry-type>
            <env-entry-value>test2binterface</env-entry-value>
        </env-entry>
        <env-entry>
            <env-entry-name>test3ainterface</env-entry-name>
            <env-entry-type>java.lang.String</env-entry-type>
            <env-entry-value>test3ainterface</env-entry-value>
        </env-entry>
        <env-entry>
            <env-entry-name>test3binterface</env-entry-name>
            <env-entry-type>java.lang.String</env-entry-type>
            <env-entry-value>test3binterface</env-entry-value>
        </env-entry>
    </profile-spec>
</profile-spec-jar>